trainable params: 2,785,280 || all params: 9,402,736,640 || trainable%: 0.0296
train_dataset: Dataset({
    features: ['input_ids', 'labels'],
    num_rows: 1
})
val_dataset: Dataset({
    features: ['input_ids', 'output_ids'],
    num_rows: 2
})
test_dataset: Dataset({
    features: ['input_ids', 'output_ids'],
    num_rows: 2
})
{'loss': 0.1384, 'grad_norm': 0.061767578125, 'learning_rate': 0.0004983333333333334, 'epoch': 10.0}
{'loss': 0.0002, 'grad_norm': 0.0032806396484375, 'learning_rate': 0.0004966666666666666, 'epoch': 20.0}
{'loss': 0.0, 'grad_norm': 0.000911712646484375, 'learning_rate': 0.000495, 'epoch': 30.0}
{'loss': 0.0, 'grad_norm': 0.000568389892578125, 'learning_rate': 0.0004933333333333334, 'epoch': 40.0}
{'loss': 0.0, 'grad_norm': 0.0003719329833984375, 'learning_rate': 0.0004916666666666666, 'epoch': 50.0}
{'loss': 0.0, 'grad_norm': 0.000339508056640625, 'learning_rate': 0.00049, 'epoch': 60.0}
{'loss': 0.0, 'grad_norm': 0.0003108978271484375, 'learning_rate': 0.0004883333333333333, 'epoch': 70.0}
{'loss': 0.0, 'grad_norm': 0.000278472900390625, 'learning_rate': 0.0004866666666666667, 'epoch': 80.0}
{'loss': 0.0, 'grad_norm': 0.0002765655517578125, 'learning_rate': 0.00048499999999999997, 'epoch': 90.0}
{'loss': 0.0, 'grad_norm': 0.00024318695068359375, 'learning_rate': 0.00048333333333333334, 'epoch': 100.0}
{'loss': 0.0, 'grad_norm': 0.00023174285888671875, 'learning_rate': 0.0004816666666666667, 'epoch': 110.0}
{'loss': 0.0, 'grad_norm': 0.00022602081298828125, 'learning_rate': 0.00048, 'epoch': 120.0}
{'loss': 0.0, 'grad_norm': 0.00022411346435546875, 'learning_rate': 0.0004783333333333333, 'epoch': 130.0}
{'loss': 0.0, 'grad_norm': 0.0001983642578125, 'learning_rate': 0.0004766666666666667, 'epoch': 140.0}
{'loss': 0.0, 'grad_norm': 0.0002002716064453125, 'learning_rate': 0.000475, 'epoch': 150.0}
{'loss': 0.0, 'grad_norm': 0.00019073486328125, 'learning_rate': 0.00047333333333333336, 'epoch': 160.0}
{'loss': 0.0, 'grad_norm': 0.00018310546875, 'learning_rate': 0.0004716666666666667, 'epoch': 170.0}
{'loss': 0.0, 'grad_norm': 0.00018024444580078125, 'learning_rate': 0.00047, 'epoch': 180.0}
{'loss': 0.0, 'grad_norm': 0.0001735687255859375, 'learning_rate': 0.00046833333333333335, 'epoch': 190.0}
{'loss': 0.0, 'grad_norm': 0.0001678466796875, 'learning_rate': 0.00046666666666666666, 'epoch': 200.0}
{'loss': 0.0, 'grad_norm': 0.0001678466796875, 'learning_rate': 0.000465, 'epoch': 210.0}
{'loss': 0.0, 'grad_norm': 0.00015735626220703125, 'learning_rate': 0.00046333333333333334, 'epoch': 220.0}
{'loss': 0.0, 'grad_norm': 0.0001506805419921875, 'learning_rate': 0.0004616666666666667, 'epoch': 230.0}
{'loss': 0.0, 'grad_norm': 0.000141143798828125, 'learning_rate': 0.00046, 'epoch': 240.0}
{'loss': 0.0, 'grad_norm': 0.00014591217041015625, 'learning_rate': 0.0004583333333333333, 'epoch': 250.0}
{'loss': 0.0, 'grad_norm': 0.0001468658447265625, 'learning_rate': 0.0004566666666666667, 'epoch': 260.0}
{'loss': 0.0, 'grad_norm': 0.00014209747314453125, 'learning_rate': 0.000455, 'epoch': 270.0}
{'loss': 0.0, 'grad_norm': 0.00013256072998046875, 'learning_rate': 0.0004533333333333333, 'epoch': 280.0}
{'loss': 0.0, 'grad_norm': 0.00013256072998046875, 'learning_rate': 0.0004516666666666667, 'epoch': 290.0}
{'loss': 0.0, 'grad_norm': 0.00013446807861328125, 'learning_rate': 0.00045000000000000004, 'epoch': 300.0}
{'loss': 0.0, 'grad_norm': 0.00013065338134765625, 'learning_rate': 0.0004483333333333333, 'epoch': 310.0}
{'loss': 0.0, 'grad_norm': 0.0001239776611328125, 'learning_rate': 0.00044666666666666666, 'epoch': 320.0}
{'loss': 0.0, 'grad_norm': 0.00012493133544921875, 'learning_rate': 0.00044500000000000003, 'epoch': 330.0}
{'loss': 0.0, 'grad_norm': 0.0001239776611328125, 'learning_rate': 0.00044333333333333334, 'epoch': 340.0}
{'loss': 0.0, 'grad_norm': 0.00011205673217773438, 'learning_rate': 0.00044166666666666665, 'epoch': 350.0}
{'loss': 0.0, 'grad_norm': 0.00012063980102539062, 'learning_rate': 0.00044, 'epoch': 360.0}
{'loss': 0.0, 'grad_norm': 0.00011205673217773438, 'learning_rate': 0.0004383333333333334, 'epoch': 370.0}
{'loss': 0.0, 'grad_norm': 0.00011014938354492188, 'learning_rate': 0.00043666666666666664, 'epoch': 380.0}
{'loss': 0.0, 'grad_norm': 0.00011301040649414062, 'learning_rate': 0.000435, 'epoch': 390.0}
{'loss': 0.0, 'grad_norm': 0.00011205673217773438, 'learning_rate': 0.00043333333333333337, 'epoch': 400.0}
{'loss': 0.0, 'grad_norm': 0.0001087188720703125, 'learning_rate': 0.0004316666666666667, 'epoch': 410.0}
{'loss': 0.0, 'grad_norm': 0.00011014938354492188, 'learning_rate': 0.00043, 'epoch': 420.0}
{'loss': 0.0, 'grad_norm': 0.000110626220703125, 'learning_rate': 0.00042833333333333335, 'epoch': 430.0}
{'loss': 0.0, 'grad_norm': 0.0001049041748046875, 'learning_rate': 0.0004266666666666667, 'epoch': 440.0}
{'loss': 0.0, 'grad_norm': 0.0001068115234375, 'learning_rate': 0.000425, 'epoch': 450.0}
{'loss': 0.0, 'grad_norm': 0.00010347366333007812, 'learning_rate': 0.00042333333333333334, 'epoch': 460.0}
{'loss': 0.0, 'grad_norm': 0.00010013580322265625, 'learning_rate': 0.0004216666666666667, 'epoch': 470.0}
{'loss': 0.0, 'grad_norm': 0.00010156631469726562, 'learning_rate': 0.00042, 'epoch': 480.0}
{'loss': 0.0, 'grad_norm': 9.775161743164062e-05, 'learning_rate': 0.00041833333333333333, 'epoch': 490.0}
{'loss': 0.0, 'grad_norm': 9.489059448242188e-05, 'learning_rate': 0.0004166666666666667, 'epoch': 500.0}
{'eval_rouge-1': 74.05525, 'eval_rouge-2': 65.71430000000001, 'eval_rouge-l': 21.14645, 'eval_bleu-4': 0.10916169823156022, 'eval_runtime': 15.0293, 'eval_samples_per_second': 0.133, 'eval_steps_per_second': 0.067, 'epoch': 500.0}
{'loss': 0.0, 'grad_norm': 9.679794311523438e-05, 'learning_rate': 0.000415, 'epoch': 510.0}
{'loss': 0.0, 'grad_norm': 0.00010013580322265625, 'learning_rate': 0.0004133333333333333, 'epoch': 520.0}
{'loss': 0.0, 'grad_norm': 9.584426879882812e-05, 'learning_rate': 0.0004116666666666667, 'epoch': 530.0}
{'loss': 0.0, 'grad_norm': 9.679794311523438e-05, 'learning_rate': 0.00041, 'epoch': 540.0}
{'loss': 0.0, 'grad_norm': 9.441375732421875e-05, 'learning_rate': 0.00040833333333333336, 'epoch': 550.0}
{'loss': 0.0, 'grad_norm': 9.679794311523438e-05, 'learning_rate': 0.00040666666666666667, 'epoch': 560.0}
{'loss': 0.0, 'grad_norm': 8.96453857421875e-05, 'learning_rate': 0.00040500000000000003, 'epoch': 570.0}
{'loss': 0.0, 'grad_norm': 9.1552734375e-05, 'learning_rate': 0.00040333333333333334, 'epoch': 580.0}
{'loss': 0.0, 'grad_norm': 9.202957153320312e-05, 'learning_rate': 0.00040166666666666665, 'epoch': 590.0}
{'loss': 0.0, 'grad_norm': 9.107589721679688e-05, 'learning_rate': 0.0004, 'epoch': 600.0}
{'loss': 0.0, 'grad_norm': 9.1552734375e-05, 'learning_rate': 0.00039833333333333333, 'epoch': 610.0}
{'loss': 0.0, 'grad_norm': 9.202957153320312e-05, 'learning_rate': 0.0003966666666666667, 'epoch': 620.0}
{'loss': 0.0, 'grad_norm': 8.916854858398438e-05, 'learning_rate': 0.000395, 'epoch': 630.0}
{'loss': 0.0, 'grad_norm': 9.012222290039062e-05, 'learning_rate': 0.0003933333333333333, 'epoch': 640.0}
{'loss': 0.0, 'grad_norm': 8.821487426757812e-05, 'learning_rate': 0.0003916666666666667, 'epoch': 650.0}
{'loss': 0.0, 'grad_norm': 8.344650268554688e-05, 'learning_rate': 0.00039000000000000005, 'epoch': 660.0}
{'loss': 0.0, 'grad_norm': 8.726119995117188e-05, 'learning_rate': 0.0003883333333333333, 'epoch': 670.0}
{'loss': 0.0, 'grad_norm': 9.107589721679688e-05, 'learning_rate': 0.00038666666666666667, 'epoch': 680.0}
{'loss': 0.0, 'grad_norm': 9.584426879882812e-05, 'learning_rate': 0.00038500000000000003, 'epoch': 690.0}
{'loss': 0.0, 'grad_norm': 9.202957153320312e-05, 'learning_rate': 0.00038333333333333334, 'epoch': 700.0}
{'loss': 0.0, 'grad_norm': 8.630752563476562e-05, 'learning_rate': 0.00038166666666666666, 'epoch': 710.0}
{'loss': 0.0, 'grad_norm': 8.58306884765625e-05, 'learning_rate': 0.00038, 'epoch': 720.0}
{'loss': 0.0, 'grad_norm': 8.916854858398438e-05, 'learning_rate': 0.0003783333333333334, 'epoch': 730.0}
{'loss': 0.0, 'grad_norm': 8.58306884765625e-05, 'learning_rate': 0.00037666666666666664, 'epoch': 740.0}
{'loss': 0.0, 'grad_norm': 8.7738037109375e-05, 'learning_rate': 0.000375, 'epoch': 750.0}
{'loss': 0.0, 'grad_norm': 8.535385131835938e-05, 'learning_rate': 0.0003733333333333334, 'epoch': 760.0}
{'loss': 0.0, 'grad_norm': 8.344650268554688e-05, 'learning_rate': 0.00037166666666666663, 'epoch': 770.0}
{'loss': 0.0, 'grad_norm': 8.869171142578125e-05, 'learning_rate': 0.00037, 'epoch': 780.0}
{'loss': 0.0, 'grad_norm': 8.296966552734375e-05, 'learning_rate': 0.00036833333333333336, 'epoch': 790.0}
{'loss': 0.0, 'grad_norm': 8.487701416015625e-05, 'learning_rate': 0.00036666666666666667, 'epoch': 800.0}
{'loss': 0.0, 'grad_norm': 8.392333984375e-05, 'learning_rate': 0.000365, 'epoch': 810.0}
{'loss': 0.0, 'grad_norm': 8.726119995117188e-05, 'learning_rate': 0.00036333333333333335, 'epoch': 820.0}
{'loss': 0.0, 'grad_norm': 8.7738037109375e-05, 'learning_rate': 0.0003616666666666667, 'epoch': 830.0}
{'loss': 0.0, 'grad_norm': 8.96453857421875e-05, 'learning_rate': 0.00035999999999999997, 'epoch': 840.0}
{'loss': 0.0, 'grad_norm': 8.916854858398438e-05, 'learning_rate': 0.00035833333333333333, 'epoch': 850.0}
{'loss': 0.0, 'grad_norm': 8.440017700195312e-05, 'learning_rate': 0.0003566666666666667, 'epoch': 860.0}
{'loss': 0.0, 'grad_norm': 8.821487426757812e-05, 'learning_rate': 0.000355, 'epoch': 870.0}
{'loss': 0.0, 'grad_norm': 8.726119995117188e-05, 'learning_rate': 0.0003533333333333333, 'epoch': 880.0}
{'loss': 0.0, 'grad_norm': 8.678436279296875e-05, 'learning_rate': 0.0003516666666666667, 'epoch': 890.0}
{'loss': 0.0, 'grad_norm': 8.296966552734375e-05, 'learning_rate': 0.00035, 'epoch': 900.0}
{'loss': 0.0, 'grad_norm': 8.440017700195312e-05, 'learning_rate': 0.00034833333333333336, 'epoch': 910.0}
{'loss': 0.0, 'grad_norm': 8.487701416015625e-05, 'learning_rate': 0.00034666666666666667, 'epoch': 920.0}
{'loss': 0.0, 'grad_norm': 8.869171142578125e-05, 'learning_rate': 0.000345, 'epoch': 930.0}
{'loss': 0.0, 'grad_norm': 8.821487426757812e-05, 'learning_rate': 0.00034333333333333335, 'epoch': 940.0}
{'loss': 0.0, 'grad_norm': 8.487701416015625e-05, 'learning_rate': 0.00034166666666666666, 'epoch': 950.0}
{'loss': 0.0, 'grad_norm': 8.344650268554688e-05, 'learning_rate': 0.00034, 'epoch': 960.0}
{'loss': 0.0, 'grad_norm': 8.58306884765625e-05, 'learning_rate': 0.00033833333333333334, 'epoch': 970.0}
{'loss': 0.0, 'grad_norm': 8.678436279296875e-05, 'learning_rate': 0.0003366666666666667, 'epoch': 980.0}
{'loss': 0.0, 'grad_norm': 8.487701416015625e-05, 'learning_rate': 0.000335, 'epoch': 990.0}
{'loss': 0.0, 'grad_norm': 8.20159912109375e-05, 'learning_rate': 0.0003333333333333333, 'epoch': 1000.0}
{'eval_rouge-1': 74.05525, 'eval_rouge-2': 65.71430000000001, 'eval_rouge-l': 21.14645, 'eval_bleu-4': 0.10916169823156022, 'eval_runtime': 14.3513, 'eval_samples_per_second': 0.139, 'eval_steps_per_second': 0.07, 'epoch': 1000.0}
{'loss': 0.0, 'grad_norm': 8.869171142578125e-05, 'learning_rate': 0.0003316666666666667, 'epoch': 1010.0}
{'loss': 0.0, 'grad_norm': 8.249282836914062e-05, 'learning_rate': 0.00033, 'epoch': 1020.0}
{'loss': 0.0, 'grad_norm': 8.344650268554688e-05, 'learning_rate': 0.0003283333333333333, 'epoch': 1030.0}
{'loss': 0.0, 'grad_norm': 8.535385131835938e-05, 'learning_rate': 0.0003266666666666667, 'epoch': 1040.0}
{'loss': 0.0, 'grad_norm': 8.296966552734375e-05, 'learning_rate': 0.00032500000000000004, 'epoch': 1050.0}
{'loss': 0.0, 'grad_norm': 9.202957153320312e-05, 'learning_rate': 0.0003233333333333333, 'epoch': 1060.0}
{'loss': 0.0, 'grad_norm': 8.487701416015625e-05, 'learning_rate': 0.00032166666666666666, 'epoch': 1070.0}
{'loss': 0.0, 'grad_norm': 8.916854858398438e-05, 'learning_rate': 0.00032, 'epoch': 1080.0}
{'loss': 0.0, 'grad_norm': 8.440017700195312e-05, 'learning_rate': 0.00031833333333333334, 'epoch': 1090.0}
{'loss': 0.0, 'grad_norm': 8.96453857421875e-05, 'learning_rate': 0.00031666666666666665, 'epoch': 1100.0}
{'loss': 0.0, 'grad_norm': 8.106231689453125e-05, 'learning_rate': 0.000315, 'epoch': 1110.0}
{'loss': 0.0, 'grad_norm': 8.869171142578125e-05, 'learning_rate': 0.0003133333333333334, 'epoch': 1120.0}
{'loss': 0.0, 'grad_norm': 8.392333984375e-05, 'learning_rate': 0.00031166666666666663, 'epoch': 1130.0}
{'loss': 0.0, 'grad_norm': 8.630752563476562e-05, 'learning_rate': 0.00031, 'epoch': 1140.0}
{'loss': 0.0, 'grad_norm': 8.20159912109375e-05, 'learning_rate': 0.00030833333333333337, 'epoch': 1150.0}
{'loss': 0.0, 'grad_norm': 8.487701416015625e-05, 'learning_rate': 0.0003066666666666667, 'epoch': 1160.0}
{'loss': 0.0, 'grad_norm': 8.392333984375e-05, 'learning_rate': 0.000305, 'epoch': 1170.0}
{'loss': 0.0, 'grad_norm': 8.821487426757812e-05, 'learning_rate': 0.00030333333333333335, 'epoch': 1180.0}
{'loss': 0.0, 'grad_norm': 8.249282836914062e-05, 'learning_rate': 0.0003016666666666667, 'epoch': 1190.0}
{'loss': 0.0, 'grad_norm': 8.630752563476562e-05, 'learning_rate': 0.0003, 'epoch': 1200.0}
{'loss': 0.0, 'grad_norm': 8.58306884765625e-05, 'learning_rate': 0.00029833333333333334, 'epoch': 1210.0}
{'loss': 0.0, 'grad_norm': 8.726119995117188e-05, 'learning_rate': 0.0002966666666666667, 'epoch': 1220.0}
{'loss': 0.0, 'grad_norm': 8.869171142578125e-05, 'learning_rate': 0.000295, 'epoch': 1230.0}
{'loss': 0.0, 'grad_norm': 8.678436279296875e-05, 'learning_rate': 0.0002933333333333333, 'epoch': 1240.0}
{'loss': 0.0, 'grad_norm': 8.392333984375e-05, 'learning_rate': 0.0002916666666666667, 'epoch': 1250.0}
{'loss': 0.0, 'grad_norm': 8.296966552734375e-05, 'learning_rate': 0.00029, 'epoch': 1260.0}
{'loss': 0.0, 'grad_norm': 8.58306884765625e-05, 'learning_rate': 0.0002883333333333333, 'epoch': 1270.0}
{'loss': 0.0, 'grad_norm': 8.869171142578125e-05, 'learning_rate': 0.0002866666666666667, 'epoch': 1280.0}
{'loss': 0.0, 'grad_norm': 8.20159912109375e-05, 'learning_rate': 0.000285, 'epoch': 1290.0}
{'loss': 0.0, 'grad_norm': 8.535385131835938e-05, 'learning_rate': 0.00028333333333333335, 'epoch': 1300.0}
{'loss': 0.0, 'grad_norm': 8.630752563476562e-05, 'learning_rate': 0.00028166666666666666, 'epoch': 1310.0}
{'loss': 0.0, 'grad_norm': 8.726119995117188e-05, 'learning_rate': 0.00028000000000000003, 'epoch': 1320.0}
{'loss': 0.0, 'grad_norm': 8.678436279296875e-05, 'learning_rate': 0.00027833333333333334, 'epoch': 1330.0}
{'loss': 0.0, 'grad_norm': 8.630752563476562e-05, 'learning_rate': 0.00027666666666666665, 'epoch': 1340.0}
{'loss': 0.0, 'grad_norm': 8.630752563476562e-05, 'learning_rate': 0.000275, 'epoch': 1350.0}
{'loss': 0.0, 'grad_norm': 8.96453857421875e-05, 'learning_rate': 0.00027333333333333333, 'epoch': 1360.0}
{'loss': 0.0, 'grad_norm': 9.107589721679688e-05, 'learning_rate': 0.0002716666666666667, 'epoch': 1370.0}
{'loss': 0.0, 'grad_norm': 9.012222290039062e-05, 'learning_rate': 0.00027, 'epoch': 1380.0}
{'loss': 0.0, 'grad_norm': 8.916854858398438e-05, 'learning_rate': 0.0002683333333333333, 'epoch': 1390.0}
{'loss': 0.0, 'grad_norm': 9.012222290039062e-05, 'learning_rate': 0.0002666666666666667, 'epoch': 1400.0}
{'loss': 0.0, 'grad_norm': 8.916854858398438e-05, 'learning_rate': 0.00026500000000000004, 'epoch': 1410.0}
{'loss': 0.0, 'grad_norm': 8.96453857421875e-05, 'learning_rate': 0.0002633333333333333, 'epoch': 1420.0}
{'loss': 0.0, 'grad_norm': 8.821487426757812e-05, 'learning_rate': 0.00026166666666666667, 'epoch': 1430.0}
{'loss': 0.0, 'grad_norm': 8.20159912109375e-05, 'learning_rate': 0.00026000000000000003, 'epoch': 1440.0}
{'loss': 0.0, 'grad_norm': 8.726119995117188e-05, 'learning_rate': 0.00025833333333333334, 'epoch': 1450.0}
{'loss': 0.0, 'grad_norm': 9.34600830078125e-05, 'learning_rate': 0.00025666666666666665, 'epoch': 1460.0}
{'loss': 0.0, 'grad_norm': 8.344650268554688e-05, 'learning_rate': 0.000255, 'epoch': 1470.0}
{'loss': 0.0, 'grad_norm': 8.678436279296875e-05, 'learning_rate': 0.0002533333333333334, 'epoch': 1480.0}
{'loss': 0.0, 'grad_norm': 8.916854858398438e-05, 'learning_rate': 0.00025166666666666664, 'epoch': 1490.0}
{'loss': 0.0, 'grad_norm': 8.630752563476562e-05, 'learning_rate': 0.00025, 'epoch': 1500.0}
{'eval_rouge-1': 77.09934999999999, 'eval_rouge-2': 68.7324, 'eval_rouge-l': 21.14645, 'eval_bleu-4': 0.10916169823156022, 'eval_runtime': 14.3543, 'eval_samples_per_second': 0.139, 'eval_steps_per_second': 0.07, 'epoch': 1500.0}
{'loss': 0.0, 'grad_norm': 8.678436279296875e-05, 'learning_rate': 0.0002483333333333333, 'epoch': 1510.0}
{'loss': 0.0, 'grad_norm': 8.869171142578125e-05, 'learning_rate': 0.0002466666666666667, 'epoch': 1520.0}
{'loss': 0.0, 'grad_norm': 8.7738037109375e-05, 'learning_rate': 0.000245, 'epoch': 1530.0}
{'loss': 0.0, 'grad_norm': 8.535385131835938e-05, 'learning_rate': 0.00024333333333333336, 'epoch': 1540.0}
{'loss': 0.0, 'grad_norm': 9.1552734375e-05, 'learning_rate': 0.00024166666666666667, 'epoch': 1550.0}
{'loss': 0.0, 'grad_norm': 8.487701416015625e-05, 'learning_rate': 0.00024, 'epoch': 1560.0}
{'loss': 0.0, 'grad_norm': 8.678436279296875e-05, 'learning_rate': 0.00023833333333333334, 'epoch': 1570.0}
{'loss': 0.0, 'grad_norm': 8.58306884765625e-05, 'learning_rate': 0.00023666666666666668, 'epoch': 1580.0}
{'loss': 0.0, 'grad_norm': 8.440017700195312e-05, 'learning_rate': 0.000235, 'epoch': 1590.0}
{'loss': 0.0, 'grad_norm': 8.296966552734375e-05, 'learning_rate': 0.00023333333333333333, 'epoch': 1600.0}
{'loss': 0.0, 'grad_norm': 8.916854858398438e-05, 'learning_rate': 0.00023166666666666667, 'epoch': 1610.0}
{'loss': 0.0, 'grad_norm': 8.58306884765625e-05, 'learning_rate': 0.00023, 'epoch': 1620.0}
{'loss': 0.0, 'grad_norm': 8.58306884765625e-05, 'learning_rate': 0.00022833333333333334, 'epoch': 1630.0}
{'loss': 0.0, 'grad_norm': 8.344650268554688e-05, 'learning_rate': 0.00022666666666666666, 'epoch': 1640.0}
{'loss': 0.0, 'grad_norm': 8.678436279296875e-05, 'learning_rate': 0.00022500000000000002, 'epoch': 1650.0}
{'loss': 0.0, 'grad_norm': 8.821487426757812e-05, 'learning_rate': 0.00022333333333333333, 'epoch': 1660.0}
{'loss': 0.0, 'grad_norm': 9.584426879882812e-05, 'learning_rate': 0.00022166666666666667, 'epoch': 1670.0}
{'loss': 0.0, 'grad_norm': 8.535385131835938e-05, 'learning_rate': 0.00022, 'epoch': 1680.0}
{'loss': 0.0, 'grad_norm': 8.487701416015625e-05, 'learning_rate': 0.00021833333333333332, 'epoch': 1690.0}
{'loss': 0.0, 'grad_norm': 8.440017700195312e-05, 'learning_rate': 0.00021666666666666668, 'epoch': 1700.0}
{'loss': 0.0, 'grad_norm': 8.678436279296875e-05, 'learning_rate': 0.000215, 'epoch': 1710.0}
{'loss': 0.0, 'grad_norm': 8.678436279296875e-05, 'learning_rate': 0.00021333333333333336, 'epoch': 1720.0}
{'loss': 0.0, 'grad_norm': 8.821487426757812e-05, 'learning_rate': 0.00021166666666666667, 'epoch': 1730.0}
{'loss': 0.0, 'grad_norm': 8.96453857421875e-05, 'learning_rate': 0.00021, 'epoch': 1740.0}
{'loss': 0.0, 'grad_norm': 8.726119995117188e-05, 'learning_rate': 0.00020833333333333335, 'epoch': 1750.0}
{'loss': 0.0, 'grad_norm': 8.821487426757812e-05, 'learning_rate': 0.00020666666666666666, 'epoch': 1760.0}
{'loss': 0.0, 'grad_norm': 8.726119995117188e-05, 'learning_rate': 0.000205, 'epoch': 1770.0}
{'loss': 0.0, 'grad_norm': 8.821487426757812e-05, 'learning_rate': 0.00020333333333333333, 'epoch': 1780.0}
{'loss': 0.0, 'grad_norm': 8.535385131835938e-05, 'learning_rate': 0.00020166666666666667, 'epoch': 1790.0}
{'loss': 0.0, 'grad_norm': 8.58306884765625e-05, 'learning_rate': 0.0002, 'epoch': 1800.0}
{'loss': 0.0, 'grad_norm': 8.630752563476562e-05, 'learning_rate': 0.00019833333333333335, 'epoch': 1810.0}
{'loss': 0.0, 'grad_norm': 8.344650268554688e-05, 'learning_rate': 0.00019666666666666666, 'epoch': 1820.0}
{'loss': 0.0, 'grad_norm': 8.821487426757812e-05, 'learning_rate': 0.00019500000000000002, 'epoch': 1830.0}
{'loss': 0.0, 'grad_norm': 8.344650268554688e-05, 'learning_rate': 0.00019333333333333333, 'epoch': 1840.0}
{'loss': 0.0, 'grad_norm': 8.58306884765625e-05, 'learning_rate': 0.00019166666666666667, 'epoch': 1850.0}
{'loss': 0.0, 'grad_norm': 8.630752563476562e-05, 'learning_rate': 0.00019, 'epoch': 1860.0}
{'loss': 0.0, 'grad_norm': 8.296966552734375e-05, 'learning_rate': 0.00018833333333333332, 'epoch': 1870.0}
{'loss': 0.0, 'grad_norm': 8.869171142578125e-05, 'learning_rate': 0.0001866666666666667, 'epoch': 1880.0}
{'loss': 0.0, 'grad_norm': 8.821487426757812e-05, 'learning_rate': 0.000185, 'epoch': 1890.0}
{'loss': 0.0, 'grad_norm': 8.630752563476562e-05, 'learning_rate': 0.00018333333333333334, 'epoch': 1900.0}
{'loss': 0.0, 'grad_norm': 8.821487426757812e-05, 'learning_rate': 0.00018166666666666667, 'epoch': 1910.0}
{'loss': 0.0, 'grad_norm': 8.678436279296875e-05, 'learning_rate': 0.00017999999999999998, 'epoch': 1920.0}
{'loss': 0.0, 'grad_norm': 8.821487426757812e-05, 'learning_rate': 0.00017833333333333335, 'epoch': 1930.0}
{'loss': 0.0, 'grad_norm': 8.726119995117188e-05, 'learning_rate': 0.00017666666666666666, 'epoch': 1940.0}
{'loss': 0.0, 'grad_norm': 8.487701416015625e-05, 'learning_rate': 0.000175, 'epoch': 1950.0}
{'loss': 0.0, 'grad_norm': 8.821487426757812e-05, 'learning_rate': 0.00017333333333333334, 'epoch': 1960.0}
{'loss': 0.0, 'grad_norm': 8.630752563476562e-05, 'learning_rate': 0.00017166666666666667, 'epoch': 1970.0}
{'loss': 0.0, 'grad_norm': 8.821487426757812e-05, 'learning_rate': 0.00017, 'epoch': 1980.0}
{'loss': 0.0, 'grad_norm': 8.726119995117188e-05, 'learning_rate': 0.00016833333333333335, 'epoch': 1990.0}
{'loss': 0.0, 'grad_norm': 8.296966552734375e-05, 'learning_rate': 0.00016666666666666666, 'epoch': 2000.0}
{'eval_rouge-1': 77.09934999999999, 'eval_rouge-2': 68.7324, 'eval_rouge-l': 21.14645, 'eval_bleu-4': 0.10916169823156022, 'eval_runtime': 14.3647, 'eval_samples_per_second': 0.139, 'eval_steps_per_second': 0.07, 'epoch': 2000.0}
{'loss': 0.0, 'grad_norm': 8.440017700195312e-05, 'learning_rate': 0.000165, 'epoch': 2010.0}
{'loss': 0.0, 'grad_norm': 8.535385131835938e-05, 'learning_rate': 0.00016333333333333334, 'epoch': 2020.0}
{'loss': 0.0, 'grad_norm': 8.440017700195312e-05, 'learning_rate': 0.00016166666666666665, 'epoch': 2030.0}
{'loss': 0.0, 'grad_norm': 8.630752563476562e-05, 'learning_rate': 0.00016, 'epoch': 2040.0}
{'loss': 0.0, 'grad_norm': 9.1552734375e-05, 'learning_rate': 0.00015833333333333332, 'epoch': 2050.0}
{'loss': 0.0, 'grad_norm': 8.344650268554688e-05, 'learning_rate': 0.0001566666666666667, 'epoch': 2060.0}
{'loss': 0.0, 'grad_norm': 8.535385131835938e-05, 'learning_rate': 0.000155, 'epoch': 2070.0}
{'loss': 0.0, 'grad_norm': 8.296966552734375e-05, 'learning_rate': 0.00015333333333333334, 'epoch': 2080.0}
{'loss': 0.0, 'grad_norm': 8.296966552734375e-05, 'learning_rate': 0.00015166666666666668, 'epoch': 2090.0}
{'loss': 0.0, 'grad_norm': 8.916854858398438e-05, 'learning_rate': 0.00015, 'epoch': 2100.0}
{'loss': 0.0, 'grad_norm': 8.630752563476562e-05, 'learning_rate': 0.00014833333333333335, 'epoch': 2110.0}
{'loss': 0.0, 'grad_norm': 8.821487426757812e-05, 'learning_rate': 0.00014666666666666666, 'epoch': 2120.0}
{'loss': 0.0, 'grad_norm': 8.7738037109375e-05, 'learning_rate': 0.000145, 'epoch': 2130.0}
{'loss': 0.0, 'grad_norm': 8.249282836914062e-05, 'learning_rate': 0.00014333333333333334, 'epoch': 2140.0}
{'loss': 0.0, 'grad_norm': 8.916854858398438e-05, 'learning_rate': 0.00014166666666666668, 'epoch': 2150.0}
{'loss': 0.0, 'grad_norm': 8.7738037109375e-05, 'learning_rate': 0.00014000000000000001, 'epoch': 2160.0}
{'loss': 0.0, 'grad_norm': 8.821487426757812e-05, 'learning_rate': 0.00013833333333333333, 'epoch': 2170.0}
{'loss': 0.0, 'grad_norm': 8.821487426757812e-05, 'learning_rate': 0.00013666666666666666, 'epoch': 2180.0}
{'loss': 0.0, 'grad_norm': 9.1552734375e-05, 'learning_rate': 0.000135, 'epoch': 2190.0}
{'loss': 0.0, 'grad_norm': 8.678436279296875e-05, 'learning_rate': 0.00013333333333333334, 'epoch': 2200.0}
{'loss': 0.0, 'grad_norm': 8.20159912109375e-05, 'learning_rate': 0.00013166666666666665, 'epoch': 2210.0}
{'loss': 0.0, 'grad_norm': 8.821487426757812e-05, 'learning_rate': 0.00013000000000000002, 'epoch': 2220.0}
{'loss': 0.0, 'grad_norm': 9.1552734375e-05, 'learning_rate': 0.00012833333333333333, 'epoch': 2230.0}
{'loss': 0.0, 'grad_norm': 8.726119995117188e-05, 'learning_rate': 0.0001266666666666667, 'epoch': 2240.0}
{'loss': 0.0, 'grad_norm': 8.487701416015625e-05, 'learning_rate': 0.000125, 'epoch': 2250.0}
{'loss': 0.0, 'grad_norm': 9.393692016601562e-05, 'learning_rate': 0.00012333333333333334, 'epoch': 2260.0}
{'loss': 0.0, 'grad_norm': 8.916854858398438e-05, 'learning_rate': 0.00012166666666666668, 'epoch': 2270.0}
{'loss': 0.0, 'grad_norm': 8.916854858398438e-05, 'learning_rate': 0.00012, 'epoch': 2280.0}
{'loss': 0.0, 'grad_norm': 8.821487426757812e-05, 'learning_rate': 0.00011833333333333334, 'epoch': 2290.0}
{'loss': 0.0, 'grad_norm': 8.535385131835938e-05, 'learning_rate': 0.00011666666666666667, 'epoch': 2300.0}
{'loss': 0.0, 'grad_norm': 8.630752563476562e-05, 'learning_rate': 0.000115, 'epoch': 2310.0}
{'loss': 0.0, 'grad_norm': 8.678436279296875e-05, 'learning_rate': 0.00011333333333333333, 'epoch': 2320.0}
{'loss': 0.0, 'grad_norm': 8.535385131835938e-05, 'learning_rate': 0.00011166666666666667, 'epoch': 2330.0}
{'loss': 0.0, 'grad_norm': 8.58306884765625e-05, 'learning_rate': 0.00011, 'epoch': 2340.0}
{'loss': 0.0, 'grad_norm': 9.107589721679688e-05, 'learning_rate': 0.00010833333333333334, 'epoch': 2350.0}
{'loss': 0.0, 'grad_norm': 8.535385131835938e-05, 'learning_rate': 0.00010666666666666668, 'epoch': 2360.0}
{'loss': 0.0, 'grad_norm': 8.630752563476562e-05, 'learning_rate': 0.000105, 'epoch': 2370.0}
{'loss': 0.0, 'grad_norm': 8.7738037109375e-05, 'learning_rate': 0.00010333333333333333, 'epoch': 2380.0}
{'loss': 0.0, 'grad_norm': 9.059906005859375e-05, 'learning_rate': 0.00010166666666666667, 'epoch': 2390.0}
{'loss': 0.0, 'grad_norm': 8.869171142578125e-05, 'learning_rate': 0.0001, 'epoch': 2400.0}
{'loss': 0.0, 'grad_norm': 8.249282836914062e-05, 'learning_rate': 9.833333333333333e-05, 'epoch': 2410.0}
{'loss': 0.0, 'grad_norm': 9.107589721679688e-05, 'learning_rate': 9.666666666666667e-05, 'epoch': 2420.0}
{'loss': 0.0, 'grad_norm': 8.440017700195312e-05, 'learning_rate': 9.5e-05, 'epoch': 2430.0}
{'loss': 0.0, 'grad_norm': 8.678436279296875e-05, 'learning_rate': 9.333333333333334e-05, 'epoch': 2440.0}
{'loss': 0.0, 'grad_norm': 8.630752563476562e-05, 'learning_rate': 9.166666666666667e-05, 'epoch': 2450.0}
{'loss': 0.0, 'grad_norm': 8.7738037109375e-05, 'learning_rate': 8.999999999999999e-05, 'epoch': 2460.0}
{'loss': 0.0, 'grad_norm': 8.7738037109375e-05, 'learning_rate': 8.833333333333333e-05, 'epoch': 2470.0}
{'loss': 0.0, 'grad_norm': 9.059906005859375e-05, 'learning_rate': 8.666666666666667e-05, 'epoch': 2480.0}
{'loss': 0.0, 'grad_norm': 8.487701416015625e-05, 'learning_rate': 8.5e-05, 'epoch': 2490.0}
{'loss': 0.0, 'grad_norm': 8.535385131835938e-05, 'learning_rate': 8.333333333333333e-05, 'epoch': 2500.0}
{'eval_rouge-1': 77.09934999999999, 'eval_rouge-2': 68.7324, 'eval_rouge-l': 21.14645, 'eval_bleu-4': 0.10916169823156022, 'eval_runtime': 14.3534, 'eval_samples_per_second': 0.139, 'eval_steps_per_second': 0.07, 'epoch': 2500.0}
{'loss': 0.0, 'grad_norm': 8.487701416015625e-05, 'learning_rate': 8.166666666666667e-05, 'epoch': 2510.0}
{'loss': 0.0, 'grad_norm': 8.96453857421875e-05, 'learning_rate': 8e-05, 'epoch': 2520.0}
{'loss': 0.0, 'grad_norm': 9.012222290039062e-05, 'learning_rate': 7.833333333333334e-05, 'epoch': 2530.0}
{'loss': 0.0, 'grad_norm': 8.916854858398438e-05, 'learning_rate': 7.666666666666667e-05, 'epoch': 2540.0}
{'loss': 0.0, 'grad_norm': 8.535385131835938e-05, 'learning_rate': 7.5e-05, 'epoch': 2550.0}
{'loss': 0.0, 'grad_norm': 9.1552734375e-05, 'learning_rate': 7.333333333333333e-05, 'epoch': 2560.0}
{'loss': 0.0, 'grad_norm': 8.20159912109375e-05, 'learning_rate': 7.166666666666667e-05, 'epoch': 2570.0}
{'loss': 0.0, 'grad_norm': 8.630752563476562e-05, 'learning_rate': 7.000000000000001e-05, 'epoch': 2580.0}
{'loss': 0.0, 'grad_norm': 8.249282836914062e-05, 'learning_rate': 6.833333333333333e-05, 'epoch': 2590.0}
{'loss': 0.0, 'grad_norm': 8.249282836914062e-05, 'learning_rate': 6.666666666666667e-05, 'epoch': 2600.0}
{'loss': 0.0, 'grad_norm': 9.012222290039062e-05, 'learning_rate': 6.500000000000001e-05, 'epoch': 2610.0}
{'loss': 0.0, 'grad_norm': 8.726119995117188e-05, 'learning_rate': 6.333333333333335e-05, 'epoch': 2620.0}
{'loss': 0.0, 'grad_norm': 8.869171142578125e-05, 'learning_rate': 6.166666666666667e-05, 'epoch': 2630.0}
{'loss': 0.0, 'grad_norm': 8.296966552734375e-05, 'learning_rate': 6e-05, 'epoch': 2640.0}
{'loss': 0.0, 'grad_norm': 8.96453857421875e-05, 'learning_rate': 5.833333333333333e-05, 'epoch': 2650.0}
{'loss': 0.0, 'grad_norm': 8.630752563476562e-05, 'learning_rate': 5.6666666666666664e-05, 'epoch': 2660.0}
{'loss': 0.0, 'grad_norm': 9.489059448242188e-05, 'learning_rate': 5.5e-05, 'epoch': 2670.0}
{'loss': 0.0, 'grad_norm': 8.58306884765625e-05, 'learning_rate': 5.333333333333334e-05, 'epoch': 2680.0}
{'loss': 0.0, 'grad_norm': 8.726119995117188e-05, 'learning_rate': 5.1666666666666664e-05, 'epoch': 2690.0}
{'loss': 0.0, 'grad_norm': 8.726119995117188e-05, 'learning_rate': 5e-05, 'epoch': 2700.0}
{'loss': 0.0, 'grad_norm': 8.249282836914062e-05, 'learning_rate': 4.8333333333333334e-05, 'epoch': 2710.0}
{'loss': 0.0, 'grad_norm': 8.821487426757812e-05, 'learning_rate': 4.666666666666667e-05, 'epoch': 2720.0}
{'loss': 0.0, 'grad_norm': 8.630752563476562e-05, 'learning_rate': 4.4999999999999996e-05, 'epoch': 2730.0}
{'loss': 0.0, 'grad_norm': 8.392333984375e-05, 'learning_rate': 4.3333333333333334e-05, 'epoch': 2740.0}
{'loss': 0.0, 'grad_norm': 8.821487426757812e-05, 'learning_rate': 4.1666666666666665e-05, 'epoch': 2750.0}
{'loss': 0.0, 'grad_norm': 8.487701416015625e-05, 'learning_rate': 4e-05, 'epoch': 2760.0}
{'loss': 0.0, 'grad_norm': 8.869171142578125e-05, 'learning_rate': 3.8333333333333334e-05, 'epoch': 2770.0}
{'loss': 0.0, 'grad_norm': 8.726119995117188e-05, 'learning_rate': 3.6666666666666666e-05, 'epoch': 2780.0}
{'loss': 0.0, 'grad_norm': 8.916854858398438e-05, 'learning_rate': 3.5000000000000004e-05, 'epoch': 2790.0}
{'loss': 0.0, 'grad_norm': 8.678436279296875e-05, 'learning_rate': 3.3333333333333335e-05, 'epoch': 2800.0}
{'loss': 0.0, 'grad_norm': 8.535385131835938e-05, 'learning_rate': 3.166666666666667e-05, 'epoch': 2810.0}
{'loss': 0.0, 'grad_norm': 8.535385131835938e-05, 'learning_rate': 3e-05, 'epoch': 2820.0}
{'loss': 0.0, 'grad_norm': 8.487701416015625e-05, 'learning_rate': 2.8333333333333332e-05, 'epoch': 2830.0}
{'loss': 0.0, 'grad_norm': 8.96453857421875e-05, 'learning_rate': 2.666666666666667e-05, 'epoch': 2840.0}
{'loss': 0.0, 'grad_norm': 9.012222290039062e-05, 'learning_rate': 2.5e-05, 'epoch': 2850.0}
{'loss': 0.0, 'grad_norm': 8.678436279296875e-05, 'learning_rate': 2.3333333333333336e-05, 'epoch': 2860.0}
{'loss': 0.0, 'grad_norm': 8.916854858398438e-05, 'learning_rate': 2.1666666666666667e-05, 'epoch': 2870.0}
{'loss': 0.0, 'grad_norm': 8.440017700195312e-05, 'learning_rate': 2e-05, 'epoch': 2880.0}
{'loss': 0.0, 'grad_norm': 8.7738037109375e-05, 'learning_rate': 1.8333333333333333e-05, 'epoch': 2890.0}
{'loss': 0.0, 'grad_norm': 8.916854858398438e-05, 'learning_rate': 1.6666666666666667e-05, 'epoch': 2900.0}
{'loss': 0.0, 'grad_norm': 8.821487426757812e-05, 'learning_rate': 1.5e-05, 'epoch': 2910.0}
{'loss': 0.0, 'grad_norm': 8.678436279296875e-05, 'learning_rate': 1.3333333333333335e-05, 'epoch': 2920.0}
{'loss': 0.0, 'grad_norm': 8.869171142578125e-05, 'learning_rate': 1.1666666666666668e-05, 'epoch': 2930.0}
{'loss': 0.0, 'grad_norm': 8.678436279296875e-05, 'learning_rate': 1e-05, 'epoch': 2940.0}
{'loss': 0.0, 'grad_norm': 8.630752563476562e-05, 'learning_rate': 8.333333333333334e-06, 'epoch': 2950.0}
{'loss': 0.0, 'grad_norm': 8.392333984375e-05, 'learning_rate': 6.6666666666666675e-06, 'epoch': 2960.0}
{'loss': 0.0, 'grad_norm': 8.916854858398438e-05, 'learning_rate': 5e-06, 'epoch': 2970.0}
{'loss': 0.0, 'grad_norm': 8.821487426757812e-05, 'learning_rate': 3.3333333333333337e-06, 'epoch': 2980.0}
{'loss': 0.0, 'grad_norm': 8.678436279296875e-05, 'learning_rate': 1.6666666666666669e-06, 'epoch': 2990.0}
{'loss': 0.0, 'grad_norm': 8.7738037109375e-05, 'learning_rate': 0.0, 'epoch': 3000.0}
{'eval_rouge-1': 77.09934999999999, 'eval_rouge-2': 68.7324, 'eval_rouge-l': 21.14645, 'eval_bleu-4': 0.10916169823156022, 'eval_runtime': 14.4173, 'eval_samples_per_second': 0.139, 'eval_steps_per_second': 0.069, 'epoch': 3000.0}
{'train_runtime': 1517.935, 'train_samples_per_second': 1.976, 'train_steps_per_second': 1.976, 'train_loss': 0.0004687243700027466, 'epoch': 3000.0}
